2025-09-08 16:51:43,643 - INFO - 训练流水线初始化完成，使用设备: cpu
2025-09-08 16:51:43,645 - INFO - 输出目录: training_results_20250908_165143
2025-09-08 16:51:43,645 - INFO - 开始运行完整训练流水线...
2025-09-08 16:51:43,645 - INFO - 开始数据准备阶段...
2025-09-15 15:19:52,983 - INFO - 训练流水线初始化完成，使用设备: cpu
2025-09-15 15:19:52,985 - INFO - 输出目录: training_results_20250915_151952
2025-09-15 15:19:52,985 - INFO - 开始运行完整训练流水线...
2025-09-15 15:19:52,985 - INFO - 开始数据准备阶段...
2025-09-15 15:21:32,872 - INFO - 训练流水线初始化完成，使用设备: cpu
2025-09-15 15:21:32,873 - INFO - 输出目录: training_results_20250915_152132
2025-09-15 15:21:32,874 - INFO - 开始运行完整训练流水线...
2025-09-15 15:21:32,874 - INFO - 开始数据准备阶段...
2025-09-15 15:21:39,341 - INFO - 开始特征提取...
2025-09-15 15:21:39,403 - INFO - 特征提取完成:
2025-09-15 15:21:39,403 - INFO -   STFT特征形状: (33, 6, 129, 5)
2025-09-15 15:21:39,403 - INFO -   时间序列形状: (33, 500, 6)
2025-09-15 15:21:39,403 - INFO -   标签分布: [30  0  0  3]
2025-09-15 15:21:39,442 - INFO - 
==================================================
2025-09-15 15:21:39,444 - INFO - 训练 FUSION 模型
2025-09-15 15:21:39,446 - INFO - ==================================================
2025-09-15 15:21:39,802 - INFO - 开始训练 fusion 模型...
2025-09-15 15:22:33,718 - INFO - Epoch 1: Train Loss=0.0624, Train Acc=11.54%, Val Loss=0.0613, Val Acc=14.29%
2025-09-15 15:23:05,205 - INFO - Epoch 2: Train Loss=0.0518, Train Acc=53.85%, Val Loss=0.0570, Val Acc=14.29%
2025-09-15 15:23:38,792 - INFO - Epoch 3: Train Loss=0.0476, Train Acc=57.69%, Val Loss=0.0540, Val Acc=14.29%
2025-09-15 15:24:12,885 - INFO - Epoch 4: Train Loss=0.0427, Train Acc=69.23%, Val Loss=0.0510, Val Acc=42.86%
2025-09-15 15:24:51,824 - INFO - Epoch 5: Train Loss=0.0358, Train Acc=88.46%, Val Loss=0.0488, Val Acc=71.43%
2025-09-15 15:25:31,095 - INFO - Epoch 6: Train Loss=0.0381, Train Acc=76.92%, Val Loss=0.0461, Val Acc=71.43%
2025-09-15 15:26:04,106 - INFO - Epoch 7: Train Loss=0.0347, Train Acc=84.62%, Val Loss=0.0434, Val Acc=71.43%
